TN:
SF:server.js
FN:21,(anonymous_0)
FN:26,(anonymous_1)
FN:35,(anonymous_2)
FN:54,(anonymous_3)
FN:59,(anonymous_4)
FN:80,(anonymous_5)
FN:84,(anonymous_6)
FN:104,(anonymous_7)
FN:107,(anonymous_8)
FN:126,(anonymous_9)
FNF:10
FNH:9
FNDA:1,(anonymous_0)
FNDA:1,(anonymous_1)
FNDA:6,(anonymous_2)
FNDA:4,(anonymous_3)
FNDA:8,(anonymous_4)
FNDA:4,(anonymous_5)
FNDA:24,(anonymous_6)
FNDA:3,(anonymous_7)
FNDA:20,(anonymous_8)
FNDA:0,(anonymous_9)
DA:1,1
DA:2,1
DA:4,1
DA:5,1
DA:8,1
DA:9,1
DA:12,1
DA:18,1
DA:21,1
DA:22,1
DA:26,1
DA:27,1
DA:35,1
DA:36,6
DA:39,6
DA:40,1
DA:46,5
DA:54,1
DA:55,4
DA:59,1
DA:60,8
DA:62,8
DA:63,3
DA:69,5
DA:75,5
DA:76,5
DA:80,1
DA:81,4
DA:82,4
DA:84,24
DA:86,4
DA:87,1
DA:93,3
DA:99,3
DA:100,3
DA:104,1
DA:105,3
DA:107,20
DA:109,3
DA:110,1
DA:116,2
DA:117,2
DA:125,1
DA:126,0
DA:127,0
DA:128,0
DA:129,0
DA:130,0
DA:131,0
DA:135,1
LF:50
LH:44
BRDA:5,0,0,1
BRDA:5,0,1,1
BRDA:39,1,0,1
BRDA:39,1,1,5
BRDA:39,2,0,6
BRDA:39,2,1,3
BRDA:62,3,0,3
BRDA:62,3,1,5
BRDA:62,4,0,8
BRDA:62,4,1,6
BRDA:86,5,0,1
BRDA:86,5,1,3
BRDA:95,6,0,2
BRDA:95,6,1,1
BRDA:96,7,0,2
BRDA:96,7,1,1
BRDA:109,8,0,1
BRDA:109,8,1,2
BRDA:125,9,0,0
BRDA:125,9,1,1
BRF:20
BRH:19
end_of_record
